This file contains any messages produced by compilers while
running configure, to aid debugging if configure makes a mistake.

It was created by scanbd configure 1.92, which was
generated by GNU Autoconf 2.69.  Invocation command line was

  $ ./configure 

## --------- ##
## Platform. ##
## --------- ##

hostname = h242-meier-x230
uname -m = x86_64
uname -r = 3.18.5-1-ck
uname -s = Linux
uname -v = #1 SMP PREEMPT Fri Jan 30 16:04:03 EST 2015

/usr/bin/uname -p = unknown
/bin/uname -X     = unknown

/bin/arch              = unknown
/usr/bin/arch -k       = unknown
/usr/convex/getsysinfo = unknown
/usr/bin/hostinfo      = unknown
/bin/machine           = unknown
/usr/bin/oslevel       = unknown
/bin/universe          = unknown

PATH: /usr/local/sbin
PATH: /usr/local/bin
PATH: /usr/bin
PATH: /usr/lib/jvm/default/bin
PATH: /usr/bin/site_perl
PATH: /usr/bin/vendor_perl
PATH: /usr/bin/core_perl


## ----------- ##
## Core tests. ##
## ----------- ##

configure:2596: checking for a BSD-compatible install
configure:2664: result: /usr/bin/install -c
configure:2675: checking whether build environment is sane
configure:2730: result: yes
configure:2881: checking for a thread-safe mkdir -p
configure:2920: result: /usr/bin/mkdir -p
configure:2927: checking for gawk
configure:2943: found /usr/bin/gawk
configure:2954: result: gawk
configure:2965: checking whether make sets $(MAKE)
configure:2987: result: yes
configure:3016: checking whether make supports nested variables
configure:3033: result: yes
configure:3161: checking whether to enable maintainer-specific portions of Makefiles
configure:3170: result: no
configure:3214: checking build system type
configure:3228: result: x86_64-unknown-linux-gnu
configure:3248: checking host system type
configure:3261: result: x86_64-unknown-linux-gnu
configure:3302: checking how to print strings
configure:3329: result: printf
configure:3362: checking for style of include used by make
configure:3390: result: GNU
configure:3461: checking for gcc
configure:3477: found /usr/bin/gcc
configure:3488: result: gcc
configure:3717: checking for C compiler version
configure:3726: gcc --version >&5
gcc (GCC) 4.9.2 20141224 (prerelease)
Copyright (C) 2014 Free Software Foundation, Inc.
This is free software; see the source for copying conditions.  There is NO
warranty; not even for MERCHANTABILITY or FITNESS FOR A PARTICULAR PURPOSE.

configure:3737: $? = 0
configure:3726: gcc -v >&5
Using built-in specs.
COLLECT_GCC=gcc
COLLECT_LTO_WRAPPER=/usr/lib/gcc/x86_64-unknown-linux-gnu/4.9.2/lto-wrapper
Target: x86_64-unknown-linux-gnu
Configured with: /build/gcc-multilib/src/gcc-4.9-20141224/configure --prefix=/usr --libdir=/usr/lib --libexecdir=/usr/lib --mandir=/usr/share/man --infodir=/usr/share/info --with-bugurl=https://bugs.archlinux.org/ --enable-languages=c,c++,ada,fortran,go,lto,objc,obj-c++ --enable-shared --enable-threads=posix --with-system-zlib --enable-__cxa_atexit --disable-libunwind-exceptions --enable-clocale=gnu --disable-libstdcxx-pch --disable-libssp --enable-gnu-unique-object --enable-linker-build-id --enable-cloog-backend=isl --enable-lto --enable-plugin --enable-install-libiberty --with-linker-hash-style=gnu --enable-multilib --disable-werror --enable-checking=release
Thread model: posix
gcc version 4.9.2 20141224 (prerelease) (GCC) 
configure:3737: $? = 0
configure:3726: gcc -V >&5
gcc: error: unrecognized command line option '-V'
gcc: fatal error: no input files
compilation terminated.
configure:3737: $? = 1
configure:3726: gcc -qversion >&5
gcc: error: unrecognized command line option '-qversion'
gcc: fatal error: no input files
compilation terminated.
configure:3737: $? = 1
configure:3757: checking whether the C compiler works
configure:3779: gcc    conftest.c  >&5
configure:3783: $? = 0
configure:3831: result: yes
configure:3834: checking for C compiler default output file name
configure:3836: result: a.out
configure:3842: checking for suffix of executables
configure:3849: gcc -o conftest    conftest.c  >&5
configure:3853: $? = 0
configure:3875: result: 
configure:3897: checking whether we are cross compiling
configure:3905: gcc -o conftest    conftest.c  >&5
configure:3909: $? = 0
configure:3916: ./conftest
configure:3920: $? = 0
configure:3935: result: no
configure:3940: checking for suffix of object files
configure:3962: gcc -c   conftest.c >&5
configure:3966: $? = 0
configure:3987: result: o
configure:3991: checking whether we are using the GNU C compiler
configure:4010: gcc -c   conftest.c >&5
configure:4010: $? = 0
configure:4019: result: yes
configure:4028: checking whether gcc accepts -g
configure:4048: gcc -c -g  conftest.c >&5
configure:4048: $? = 0
configure:4089: result: yes
configure:4106: checking for gcc option to accept ISO C89
configure:4169: gcc  -c -g -O2  conftest.c >&5
configure:4169: $? = 0
configure:4182: result: none needed
configure:4207: checking whether gcc understands -c and -o together
configure:4229: gcc -c conftest.c -o conftest2.o
configure:4232: $? = 0
configure:4229: gcc -c conftest.c -o conftest2.o
configure:4232: $? = 0
configure:4244: result: yes
configure:4263: checking dependency style of gcc
configure:4374: result: gcc3
configure:4389: checking for a sed that does not truncate output
configure:4453: result: /usr/bin/sed
configure:4471: checking for grep that handles long lines and -e
configure:4529: result: /usr/bin/grep
configure:4534: checking for egrep
configure:4596: result: /usr/bin/grep -E
configure:4601: checking for fgrep
configure:4663: result: /usr/bin/grep -F
configure:4698: checking for ld used by gcc
configure:4765: result: /usr/bin/ld
configure:4772: checking if the linker (/usr/bin/ld) is GNU ld
configure:4787: result: yes
configure:4799: checking for BSD- or MS-compatible name lister (nm)
configure:4848: result: /usr/bin/nm -B
configure:4978: checking the name lister (/usr/bin/nm -B) interface
configure:4985: gcc -c -g -O2  conftest.c >&5
configure:4988: /usr/bin/nm -B "conftest.o"
configure:4991: output
0000000000000000 B some_variable
configure:4998: result: BSD nm
configure:5001: checking whether ln -s works
configure:5005: result: yes
configure:5013: checking the maximum length of command line arguments
configure:5143: result: 1572864
configure:5160: checking whether the shell understands some XSI constructs
configure:5170: result: yes
configure:5174: checking whether the shell understands "+="
configure:5180: result: yes
configure:5215: checking how to convert x86_64-unknown-linux-gnu file names to x86_64-unknown-linux-gnu format
configure:5255: result: func_convert_file_noop
configure:5262: checking how to convert x86_64-unknown-linux-gnu file names to toolchain format
configure:5282: result: func_convert_file_noop
configure:5289: checking for /usr/bin/ld option to reload object files
configure:5296: result: -r
configure:5370: checking for objdump
configure:5386: found /usr/bin/objdump
configure:5397: result: objdump
configure:5429: checking how to recognize dependent libraries
configure:5631: result: pass_all
configure:5716: checking for dlltool
configure:5746: result: no
configure:5776: checking how to associate runtime and link libraries
configure:5803: result: printf %s\n
configure:5864: checking for ar
configure:5880: found /usr/bin/ar
configure:5891: result: ar
configure:5928: checking for archiver @FILE support
configure:5945: gcc -c -g -O2  conftest.c >&5
configure:5945: $? = 0
configure:5948: ar cru libconftest.a @conftest.lst >&5
configure:5951: $? = 0
configure:5956: ar cru libconftest.a @conftest.lst >&5
ar: conftest.o: No such file or directory
configure:5959: $? = 1
configure:5971: result: @
configure:6029: checking for strip
configure:6045: found /usr/bin/strip
configure:6056: result: strip
configure:6128: checking for ranlib
configure:6144: found /usr/bin/ranlib
configure:6155: result: ranlib
configure:6257: checking command to parse /usr/bin/nm -B output from gcc object
configure:6377: gcc -c -g -O2  conftest.c >&5
configure:6380: $? = 0
configure:6384: /usr/bin/nm -B conftest.o \| sed -n -e 's/^.*[ ]\([ABCDGIRSTW][ABCDGIRSTW]*\)[ ][ ]*\([_A-Za-z][_A-Za-z0-9]*\)$/\1 \2 \2/p' | sed '/ __gnu_lto/d' \> conftest.nm
configure:6387: $? = 0
configure:6453: gcc -o conftest -g -O2   conftest.c conftstm.o >&5
configure:6456: $? = 0
configure:6494: result: ok
configure:6531: checking for sysroot
configure:6561: result: no
configure:6638: gcc -c -g -O2  conftest.c >&5
configure:6641: $? = 0
configure:6817: checking for mt
configure:6847: result: no
configure:6867: checking if : is a manifest tool
configure:6873: : '-?'
configure:6881: result: no
configure:7523: checking how to run the C preprocessor
configure:7554: gcc -E  conftest.c
configure:7554: $? = 0
configure:7568: gcc -E  conftest.c
conftest.c:11:28: fatal error: ac_nonexistent.h: No such file or directory
 #include <ac_nonexistent.h>
                            ^
compilation terminated.
configure:7568: $? = 1
configure: failed program was:
| /* confdefs.h */
| #define PACKAGE_NAME "scanbd"
| #define PACKAGE_TARNAME "scanbd"
| #define PACKAGE_VERSION "1.92"
| #define PACKAGE_STRING "scanbd 1.92"
| #define PACKAGE_BUGREPORT "wilhelm.meier@fh-kl.de"
| #define PACKAGE_URL ""
| #define PACKAGE "scanbd"
| #define VERSION "1.92"
| /* end confdefs.h.  */
| #include <ac_nonexistent.h>
configure:7593: result: gcc -E
configure:7613: gcc -E  conftest.c
configure:7613: $? = 0
configure:7627: gcc -E  conftest.c
conftest.c:11:28: fatal error: ac_nonexistent.h: No such file or directory
 #include <ac_nonexistent.h>
                            ^
compilation terminated.
configure:7627: $? = 1
configure: failed program was:
| /* confdefs.h */
| #define PACKAGE_NAME "scanbd"
| #define PACKAGE_TARNAME "scanbd"
| #define PACKAGE_VERSION "1.92"
| #define PACKAGE_STRING "scanbd 1.92"
| #define PACKAGE_BUGREPORT "wilhelm.meier@fh-kl.de"
| #define PACKAGE_URL ""
| #define PACKAGE "scanbd"
| #define VERSION "1.92"
| /* end confdefs.h.  */
| #include <ac_nonexistent.h>
configure:7656: checking for ANSI C header files
configure:7676: gcc -c -g -O2  conftest.c >&5
configure:7676: $? = 0
configure:7749: gcc -o conftest -g -O2   conftest.c  >&5
configure:7749: $? = 0
configure:7749: ./conftest
configure:7749: $? = 0
configure:7760: result: yes
configure:7773: checking for sys/types.h
configure:7773: gcc -c -g -O2  conftest.c >&5
configure:7773: $? = 0
configure:7773: result: yes
configure:7773: checking for sys/stat.h
configure:7773: gcc -c -g -O2  conftest.c >&5
configure:7773: $? = 0
configure:7773: result: yes
configure:7773: checking for stdlib.h
configure:7773: gcc -c -g -O2  conftest.c >&5
configure:7773: $? = 0
configure:7773: result: yes
configure:7773: checking for string.h
configure:7773: gcc -c -g -O2  conftest.c >&5
configure:7773: $? = 0
configure:7773: result: yes
configure:7773: checking for memory.h
configure:7773: gcc -c -g -O2  conftest.c >&5
configure:7773: $? = 0
configure:7773: result: yes
configure:7773: checking for strings.h
configure:7773: gcc -c -g -O2  conftest.c >&5
configure:7773: $? = 0
configure:7773: result: yes
configure:7773: checking for inttypes.h
configure:7773: gcc -c -g -O2  conftest.c >&5
configure:7773: $? = 0
configure:7773: result: yes
configure:7773: checking for stdint.h
configure:7773: gcc -c -g -O2  conftest.c >&5
configure:7773: $? = 0
configure:7773: result: yes
configure:7773: checking for unistd.h
configure:7773: gcc -c -g -O2  conftest.c >&5
configure:7773: $? = 0
configure:7773: result: yes
configure:7787: checking for dlfcn.h
configure:7787: gcc -c -g -O2  conftest.c >&5
configure:7787: $? = 0
configure:7787: result: yes
configure:7992: checking for objdir
configure:8007: result: .libs
configure:8278: checking if gcc supports -fno-rtti -fno-exceptions
configure:8296: gcc -c -g -O2  -fno-rtti -fno-exceptions conftest.c >&5
cc1: warning: command line option '-fno-rtti' is valid for C++/ObjC++ but not for C
configure:8300: $? = 0
configure:8313: result: no
configure:8640: checking for gcc option to produce PIC
configure:8647: result: -fPIC -DPIC
configure:8655: checking if gcc PIC flag -fPIC -DPIC works
configure:8673: gcc -c -g -O2  -fPIC -DPIC -DPIC conftest.c >&5
configure:8677: $? = 0
configure:8690: result: yes
configure:8719: checking if gcc static flag -static works
configure:8747: result: yes
configure:8762: checking if gcc supports -c -o file.o
configure:8783: gcc -c -g -O2  -o out/conftest2.o conftest.c >&5
configure:8787: $? = 0
configure:8809: result: yes
configure:8817: checking if gcc supports -c -o file.o
configure:8864: result: yes
configure:8897: checking whether the gcc linker (/usr/bin/ld -m elf_x86_64) supports shared libraries
configure:10050: result: yes
configure:10087: checking whether -lc should be explicitly linked in
configure:10095: gcc -c -g -O2  conftest.c >&5
configure:10098: $? = 0
configure:10113: gcc -shared  -fPIC -DPIC conftest.o  -v -Wl,-soname -Wl,conftest -o conftest 2\>\&1 \| /usr/bin/grep  -lc  \>/dev/null 2\>\&1
configure:10116: $? = 0
configure:10130: result: no
configure:10290: checking dynamic linker characteristics
configure:10801: gcc -o conftest -g -O2   -Wl,-rpath -Wl,/foo conftest.c  >&5
configure:10801: $? = 0
configure:11023: result: GNU/Linux ld.so
configure:11130: checking how to hardcode library paths into programs
configure:11155: result: immediate
configure:11695: checking whether stripping libraries is possible
configure:11700: result: yes
configure:11735: checking if libtool supports shared libraries
configure:11737: result: yes
configure:11740: checking whether to build shared libraries
configure:11761: result: yes
configure:11764: checking whether to build static libraries
configure:11768: result: no
configure:11858: checking for gcc
configure:11885: result: gcc
configure:12114: checking for C compiler version
configure:12123: gcc --version >&5
gcc (GCC) 4.9.2 20141224 (prerelease)
Copyright (C) 2014 Free Software Foundation, Inc.
This is free software; see the source for copying conditions.  There is NO
warranty; not even for MERCHANTABILITY or FITNESS FOR A PARTICULAR PURPOSE.

configure:12134: $? = 0
configure:12123: gcc -v >&5
Using built-in specs.
COLLECT_GCC=gcc
COLLECT_LTO_WRAPPER=/usr/lib/gcc/x86_64-unknown-linux-gnu/4.9.2/lto-wrapper
Target: x86_64-unknown-linux-gnu
Configured with: /build/gcc-multilib/src/gcc-4.9-20141224/configure --prefix=/usr --libdir=/usr/lib --libexecdir=/usr/lib --mandir=/usr/share/man --infodir=/usr/share/info --with-bugurl=https://bugs.archlinux.org/ --enable-languages=c,c++,ada,fortran,go,lto,objc,obj-c++ --enable-shared --enable-threads=posix --with-system-zlib --enable-__cxa_atexit --disable-libunwind-exceptions --enable-clocale=gnu --disable-libstdcxx-pch --disable-libssp --enable-gnu-unique-object --enable-linker-build-id --enable-cloog-backend=isl --enable-lto --enable-plugin --enable-install-libiberty --with-linker-hash-style=gnu --enable-multilib --disable-werror --enable-checking=release
Thread model: posix
gcc version 4.9.2 20141224 (prerelease) (GCC) 
configure:12134: $? = 0
configure:12123: gcc -V >&5
gcc: error: unrecognized command line option '-V'
gcc: fatal error: no input files
compilation terminated.
configure:12134: $? = 1
configure:12123: gcc -qversion >&5
gcc: error: unrecognized command line option '-qversion'
gcc: fatal error: no input files
compilation terminated.
configure:12134: $? = 1
configure:12138: checking whether we are using the GNU C compiler
configure:12166: result: yes
configure:12175: checking whether gcc accepts -g
configure:12236: result: yes
configure:12253: checking for gcc option to accept ISO C89
configure:12329: result: none needed
configure:12354: checking whether gcc understands -c and -o together
configure:12391: result: yes
configure:12410: checking dependency style of gcc
configure:12521: result: gcc3
configure:12537: checking whether make sets $(MAKE)
configure:12559: result: yes
configure:12626: checking for g++
configure:12642: found /usr/bin/g++
configure:12653: result: g++
configure:12680: checking for C++ compiler version
configure:12689: g++ --version >&5
g++ (GCC) 4.9.2 20141224 (prerelease)
Copyright (C) 2014 Free Software Foundation, Inc.
This is free software; see the source for copying conditions.  There is NO
warranty; not even for MERCHANTABILITY or FITNESS FOR A PARTICULAR PURPOSE.

configure:12700: $? = 0
configure:12689: g++ -v >&5
Using built-in specs.
COLLECT_GCC=g++
COLLECT_LTO_WRAPPER=/usr/lib/gcc/x86_64-unknown-linux-gnu/4.9.2/lto-wrapper
Target: x86_64-unknown-linux-gnu
Configured with: /build/gcc-multilib/src/gcc-4.9-20141224/configure --prefix=/usr --libdir=/usr/lib --libexecdir=/usr/lib --mandir=/usr/share/man --infodir=/usr/share/info --with-bugurl=https://bugs.archlinux.org/ --enable-languages=c,c++,ada,fortran,go,lto,objc,obj-c++ --enable-shared --enable-threads=posix --with-system-zlib --enable-__cxa_atexit --disable-libunwind-exceptions --enable-clocale=gnu --disable-libstdcxx-pch --disable-libssp --enable-gnu-unique-object --enable-linker-build-id --enable-cloog-backend=isl --enable-lto --enable-plugin --enable-install-libiberty --with-linker-hash-style=gnu --enable-multilib --disable-werror --enable-checking=release
Thread model: posix
gcc version 4.9.2 20141224 (prerelease) (GCC) 
configure:12700: $? = 0
configure:12689: g++ -V >&5
g++: error: unrecognized command line option '-V'
g++: fatal error: no input files
compilation terminated.
configure:12700: $? = 1
configure:12689: g++ -qversion >&5
g++: error: unrecognized command line option '-qversion'
g++: fatal error: no input files
compilation terminated.
configure:12700: $? = 1
configure:12704: checking whether we are using the GNU C++ compiler
configure:12723: g++ -c   conftest.cpp >&5
configure:12723: $? = 0
configure:12732: result: yes
configure:12741: checking whether g++ accepts -g
configure:12761: g++ -c -g  conftest.cpp >&5
configure:12761: $? = 0
configure:12802: result: yes
configure:12827: checking dependency style of g++
configure:12938: result: gcc3
configure:12971: checking how to run the C++ preprocessor
configure:12998: g++ -E  conftest.cpp
configure:12998: $? = 0
configure:13012: g++ -E  conftest.cpp
conftest.cpp:23:28: fatal error: ac_nonexistent.h: No such file or directory
 #include <ac_nonexistent.h>
                            ^
compilation terminated.
configure:13012: $? = 1
configure: failed program was:
| /* confdefs.h */
| #define PACKAGE_NAME "scanbd"
| #define PACKAGE_TARNAME "scanbd"
| #define PACKAGE_VERSION "1.92"
| #define PACKAGE_STRING "scanbd 1.92"
| #define PACKAGE_BUGREPORT "wilhelm.meier@fh-kl.de"
| #define PACKAGE_URL ""
| #define PACKAGE "scanbd"
| #define VERSION "1.92"
| #define STDC_HEADERS 1
| #define HAVE_SYS_TYPES_H 1
| #define HAVE_SYS_STAT_H 1
| #define HAVE_STDLIB_H 1
| #define HAVE_STRING_H 1
| #define HAVE_MEMORY_H 1
| #define HAVE_STRINGS_H 1
| #define HAVE_INTTYPES_H 1
| #define HAVE_STDINT_H 1
| #define HAVE_UNISTD_H 1
| #define HAVE_DLFCN_H 1
| #define LT_OBJDIR ".libs/"
| /* end confdefs.h.  */
| #include <ac_nonexistent.h>
configure:13037: result: g++ -E
configure:13057: g++ -E  conftest.cpp
configure:13057: $? = 0
configure:13071: g++ -E  conftest.cpp
conftest.cpp:23:28: fatal error: ac_nonexistent.h: No such file or directory
 #include <ac_nonexistent.h>
                            ^
compilation terminated.
configure:13071: $? = 1
configure: failed program was:
| /* confdefs.h */
| #define PACKAGE_NAME "scanbd"
| #define PACKAGE_TARNAME "scanbd"
| #define PACKAGE_VERSION "1.92"
| #define PACKAGE_STRING "scanbd 1.92"
| #define PACKAGE_BUGREPORT "wilhelm.meier@fh-kl.de"
| #define PACKAGE_URL ""
| #define PACKAGE "scanbd"
| #define VERSION "1.92"
| #define STDC_HEADERS 1
| #define HAVE_SYS_TYPES_H 1
| #define HAVE_SYS_STAT_H 1
| #define HAVE_STDLIB_H 1
| #define HAVE_STRING_H 1
| #define HAVE_MEMORY_H 1
| #define HAVE_STRINGS_H 1
| #define HAVE_INTTYPES_H 1
| #define HAVE_STDINT_H 1
| #define HAVE_UNISTD_H 1
| #define HAVE_DLFCN_H 1
| #define LT_OBJDIR ".libs/"
| /* end confdefs.h.  */
| #include <ac_nonexistent.h>
configure:13240: checking for ld used by g++
configure:13307: result: /usr/bin/ld -m elf_x86_64
configure:13314: checking if the linker (/usr/bin/ld -m elf_x86_64) is GNU ld
configure:13329: result: yes
configure:13384: checking whether the g++ linker (/usr/bin/ld -m elf_x86_64) supports shared libraries
configure:14389: result: yes
configure:14425: g++ -c -g -O2  conftest.cpp >&5
configure:14428: $? = 0
configure:14948: checking for g++ option to produce PIC
configure:14955: result: -fPIC -DPIC
configure:14963: checking if g++ PIC flag -fPIC -DPIC works
configure:14981: g++ -c -g -O2  -fPIC -DPIC -DPIC conftest.cpp >&5
configure:14985: $? = 0
configure:14998: result: yes
configure:15021: checking if g++ static flag -static works
configure:15049: result: yes
configure:15061: checking if g++ supports -c -o file.o
configure:15082: g++ -c -g -O2  -o out/conftest2.o conftest.cpp >&5
configure:15086: $? = 0
configure:15108: result: yes
configure:15113: checking if g++ supports -c -o file.o
configure:15160: result: yes
configure:15190: checking whether the g++ linker (/usr/bin/ld -m elf_x86_64) supports shared libraries
configure:15226: result: yes
configure:15367: checking dynamic linker characteristics
configure:16034: result: GNU/Linux ld.so
configure:16087: checking how to hardcode library paths into programs
configure:16112: result: immediate
configure:16153: checking whether ln -s works
configure:16157: result: yes
configure:16168: checking for saned
configure:16187: found /usr/local/sbin/saned
configure:16200: result: /usr/local/sbin/saned
configure:16216: checking for library containing dlopen
configure:16247: gcc -o conftest -g -O2   conftest.c  >&5
/tmp/ccZwgrld.o: In function `main':
/home/lmeier/Projekte/scanbd/trunk/conftest.c:34: undefined reference to `dlopen'
collect2: error: ld returned 1 exit status
configure:16247: $? = 1
configure: failed program was:
| /* confdefs.h */
| #define PACKAGE_NAME "scanbd"
| #define PACKAGE_TARNAME "scanbd"
| #define PACKAGE_VERSION "1.92"
| #define PACKAGE_STRING "scanbd 1.92"
| #define PACKAGE_BUGREPORT "wilhelm.meier@fh-kl.de"
| #define PACKAGE_URL ""
| #define PACKAGE "scanbd"
| #define VERSION "1.92"
| #define STDC_HEADERS 1
| #define HAVE_SYS_TYPES_H 1
| #define HAVE_SYS_STAT_H 1
| #define HAVE_STDLIB_H 1
| #define HAVE_STRING_H 1
| #define HAVE_MEMORY_H 1
| #define HAVE_STRINGS_H 1
| #define HAVE_INTTYPES_H 1
| #define HAVE_STDINT_H 1
| #define HAVE_UNISTD_H 1
| #define HAVE_DLFCN_H 1
| #define LT_OBJDIR ".libs/"
| /* end confdefs.h.  */
| 
| /* Override any GCC internal prototype to avoid an error.
|    Use char because int might match the return type of a GCC
|    builtin and then its argument prototype would still apply.  */
| #ifdef __cplusplus
| extern "C"
| #endif
| char dlopen ();
| int
| main ()
| {
| return dlopen ();
|   ;
|   return 0;
| }
configure:16247: gcc -o conftest -g -O2   conftest.c -ldl   >&5
configure:16247: $? = 0
configure:16264: result: -ldl
configure:16277: checking for library containing pthread_create
configure:16308: gcc -o conftest -g -O2   conftest.c -ldl  >&5
/tmp/ccBNplek.o: In function `main':
/home/lmeier/Projekte/scanbd/trunk/conftest.c:34: undefined reference to `pthread_create'
collect2: error: ld returned 1 exit status
configure:16308: $? = 1
configure: failed program was:
| /* confdefs.h */
| #define PACKAGE_NAME "scanbd"
| #define PACKAGE_TARNAME "scanbd"
| #define PACKAGE_VERSION "1.92"
| #define PACKAGE_STRING "scanbd 1.92"
| #define PACKAGE_BUGREPORT "wilhelm.meier@fh-kl.de"
| #define PACKAGE_URL ""
| #define PACKAGE "scanbd"
| #define VERSION "1.92"
| #define STDC_HEADERS 1
| #define HAVE_SYS_TYPES_H 1
| #define HAVE_SYS_STAT_H 1
| #define HAVE_STDLIB_H 1
| #define HAVE_STRING_H 1
| #define HAVE_MEMORY_H 1
| #define HAVE_STRINGS_H 1
| #define HAVE_INTTYPES_H 1
| #define HAVE_STDINT_H 1
| #define HAVE_UNISTD_H 1
| #define HAVE_DLFCN_H 1
| #define LT_OBJDIR ".libs/"
| /* end confdefs.h.  */
| 
| /* Override any GCC internal prototype to avoid an error.
|    Use char because int might match the return type of a GCC
|    builtin and then its argument prototype would still apply.  */
| #ifdef __cplusplus
| extern "C"
| #endif
| char pthread_create ();
| int
| main ()
| {
| return pthread_create ();
|   ;
|   return 0;
| }
configure:16308: gcc -o conftest -g -O2   conftest.c -lpthread  -ldl  >&5
configure:16308: $? = 0
configure:16325: result: -lpthread
configure:16342: checking for alarm
configure:16342: gcc -o conftest -g -O2   conftest.c -lpthread -ldl  >&5
configure:16342: $? = 0
configure:16342: result: yes
configure:16342: checking for dup2
configure:16342: gcc -o conftest -g -O2   conftest.c -lpthread -ldl  >&5
configure:16342: $? = 0
configure:16342: result: yes
configure:16342: checking for ftruncate
configure:16342: gcc -o conftest -g -O2   conftest.c -lpthread -ldl  >&5
configure:16342: $? = 0
configure:16342: result: yes
configure:16342: checking for getcwd
configure:16342: gcc -o conftest -g -O2   conftest.c -lpthread -ldl  >&5
configure:16342: $? = 0
configure:16342: result: yes
configure:16342: checking for memset
configure:16342: gcc -o conftest -g -O2   conftest.c -lpthread -ldl  >&5
conftest.c:50:6: warning: conflicting types for built-in function 'memset'
 char memset ();
      ^
configure:16342: $? = 0
configure:16342: result: yes
configure:16342: checking for putenv
configure:16342: gcc -o conftest -g -O2   conftest.c -lpthread -ldl  >&5
configure:16342: $? = 0
configure:16342: result: yes
configure:16342: checking for regcomp
configure:16342: gcc -o conftest -g -O2   conftest.c -lpthread -ldl  >&5
configure:16342: $? = 0
configure:16342: result: yes
configure:16342: checking for strdup
configure:16342: gcc -o conftest -g -O2   conftest.c -lpthread -ldl  >&5
conftest.c:53:6: warning: conflicting types for built-in function 'strdup'
 char strdup ();
      ^
configure:16342: $? = 0
configure:16342: result: yes
configure:16342: checking for strerror
configure:16342: gcc -o conftest -g -O2   conftest.c -lpthread -ldl  >&5
configure:16342: $? = 0
configure:16342: result: yes
configure:16358: checking arpa/inet.h usability
configure:16358: gcc -c -g -O2  conftest.c >&5
configure:16358: $? = 0
configure:16358: result: yes
configure:16358: checking arpa/inet.h presence
configure:16358: gcc -E  conftest.c
configure:16358: $? = 0
configure:16358: result: yes
configure:16358: checking for arpa/inet.h
configure:16358: result: yes
configure:16358: checking fcntl.h usability
configure:16358: gcc -c -g -O2  conftest.c >&5
configure:16358: $? = 0
configure:16358: result: yes
configure:16358: checking fcntl.h presence
configure:16358: gcc -E  conftest.c
configure:16358: $? = 0
configure:16358: result: yes
configure:16358: checking for fcntl.h
configure:16358: result: yes
configure:16358: checking limits.h usability
configure:16358: gcc -c -g -O2  conftest.c >&5
configure:16358: $? = 0
configure:16358: result: yes
configure:16358: checking limits.h presence
configure:16358: gcc -E  conftest.c
configure:16358: $? = 0
configure:16358: result: yes
configure:16358: checking for limits.h
configure:16358: result: yes
configure:16358: checking netinet/in.h usability
configure:16358: gcc -c -g -O2  conftest.c >&5
configure:16358: $? = 0
configure:16358: result: yes
configure:16358: checking netinet/in.h presence
configure:16358: gcc -E  conftest.c
configure:16358: $? = 0
configure:16358: result: yes
configure:16358: checking for netinet/in.h
configure:16358: result: yes
configure:16358: checking sys/socket.h usability
configure:16358: gcc -c -g -O2  conftest.c >&5
configure:16358: $? = 0
configure:16358: result: yes
configure:16358: checking sys/socket.h presence
configure:16358: gcc -E  conftest.c
configure:16358: $? = 0
configure:16358: result: yes
configure:16358: checking for sys/socket.h
configure:16358: result: yes
configure:16358: checking sys/time.h usability
configure:16358: gcc -c -g -O2  conftest.c >&5
configure:16358: $? = 0
configure:16358: result: yes
configure:16358: checking sys/time.h presence
configure:16358: gcc -E  conftest.c
configure:16358: $? = 0
configure:16358: result: yes
configure:16358: checking for sys/time.h
configure:16358: result: yes
configure:16358: checking syslog.h usability
configure:16358: gcc -c -g -O2  conftest.c >&5
configure:16358: $? = 0
configure:16358: result: yes
configure:16358: checking syslog.h presence
configure:16358: gcc -E  conftest.c
configure:16358: $? = 0
configure:16358: result: yes
configure:16358: checking for syslog.h
configure:16358: result: yes
configure:16358: checking pthread.h usability
configure:16358: gcc -c -g -O2  conftest.c >&5
configure:16358: $? = 0
configure:16358: result: yes
configure:16358: checking pthread.h presence
configure:16358: gcc -E  conftest.c
configure:16358: $? = 0
configure:16358: result: yes
configure:16358: checking for pthread.h
configure:16358: result: yes
configure:16373: checking for size_t
configure:16373: gcc -c -g -O2  conftest.c >&5
configure:16373: $? = 0
configure:16373: gcc -c -g -O2  conftest.c >&5
conftest.c: In function 'main':
conftest.c:76:21: error: expected expression before ')' token
 if (sizeof ((size_t)))
                     ^
configure:16373: $? = 1
configure: failed program was:
| /* confdefs.h */
| #define PACKAGE_NAME "scanbd"
| #define PACKAGE_TARNAME "scanbd"
| #define PACKAGE_VERSION "1.92"
| #define PACKAGE_STRING "scanbd 1.92"
| #define PACKAGE_BUGREPORT "wilhelm.meier@fh-kl.de"
| #define PACKAGE_URL ""
| #define PACKAGE "scanbd"
| #define VERSION "1.92"
| #define STDC_HEADERS 1
| #define HAVE_SYS_TYPES_H 1
| #define HAVE_SYS_STAT_H 1
| #define HAVE_STDLIB_H 1
| #define HAVE_STRING_H 1
| #define HAVE_MEMORY_H 1
| #define HAVE_STRINGS_H 1
| #define HAVE_INTTYPES_H 1
| #define HAVE_STDINT_H 1
| #define HAVE_UNISTD_H 1
| #define HAVE_DLFCN_H 1
| #define LT_OBJDIR ".libs/"
| #define HAVE_ALARM 1
| #define HAVE_DUP2 1
| #define HAVE_FTRUNCATE 1
| #define HAVE_GETCWD 1
| #define HAVE_MEMSET 1
| #define HAVE_PUTENV 1
| #define HAVE_REGCOMP 1
| #define HAVE_STRDUP 1
| #define HAVE_STRERROR 1
| #define HAVE_ARPA_INET_H 1
| #define HAVE_FCNTL_H 1
| #define HAVE_LIMITS_H 1
| #define HAVE_NETINET_IN_H 1
| #define HAVE_SYS_SOCKET_H 1
| #define HAVE_SYS_TIME_H 1
| #define HAVE_SYSLOG_H 1
| #define HAVE_PTHREAD_H 1
| /* end confdefs.h.  */
| #include <stdio.h>
| #ifdef HAVE_SYS_TYPES_H
| # include <sys/types.h>
| #endif
| #ifdef HAVE_SYS_STAT_H
| # include <sys/stat.h>
| #endif
| #ifdef STDC_HEADERS
| # include <stdlib.h>
| # include <stddef.h>
| #else
| # ifdef HAVE_STDLIB_H
| #  include <stdlib.h>
| # endif
| #endif
| #ifdef HAVE_STRING_H
| # if !defined STDC_HEADERS && defined HAVE_MEMORY_H
| #  include <memory.h>
| # endif
| # include <string.h>
| #endif
| #ifdef HAVE_STRINGS_H
| # include <strings.h>
| #endif
| #ifdef HAVE_INTTYPES_H
| # include <inttypes.h>
| #endif
| #ifdef HAVE_STDINT_H
| # include <stdint.h>
| #endif
| #ifdef HAVE_UNISTD_H
| # include <unistd.h>
| #endif
| int
| main ()
| {
| if (sizeof ((size_t)))
| 	    return 0;
|   ;
|   return 0;
| }
configure:16373: result: yes
configure:16384: checking for ssize_t
configure:16384: gcc -c -g -O2  conftest.c >&5
configure:16384: $? = 0
configure:16384: gcc -c -g -O2  conftest.c >&5
conftest.c: In function 'main':
conftest.c:76:22: error: expected expression before ')' token
 if (sizeof ((ssize_t)))
                      ^
configure:16384: $? = 1
configure: failed program was:
| /* confdefs.h */
| #define PACKAGE_NAME "scanbd"
| #define PACKAGE_TARNAME "scanbd"
| #define PACKAGE_VERSION "1.92"
| #define PACKAGE_STRING "scanbd 1.92"
| #define PACKAGE_BUGREPORT "wilhelm.meier@fh-kl.de"
| #define PACKAGE_URL ""
| #define PACKAGE "scanbd"
| #define VERSION "1.92"
| #define STDC_HEADERS 1
| #define HAVE_SYS_TYPES_H 1
| #define HAVE_SYS_STAT_H 1
| #define HAVE_STDLIB_H 1
| #define HAVE_STRING_H 1
| #define HAVE_MEMORY_H 1
| #define HAVE_STRINGS_H 1
| #define HAVE_INTTYPES_H 1
| #define HAVE_STDINT_H 1
| #define HAVE_UNISTD_H 1
| #define HAVE_DLFCN_H 1
| #define LT_OBJDIR ".libs/"
| #define HAVE_ALARM 1
| #define HAVE_DUP2 1
| #define HAVE_FTRUNCATE 1
| #define HAVE_GETCWD 1
| #define HAVE_MEMSET 1
| #define HAVE_PUTENV 1
| #define HAVE_REGCOMP 1
| #define HAVE_STRDUP 1
| #define HAVE_STRERROR 1
| #define HAVE_ARPA_INET_H 1
| #define HAVE_FCNTL_H 1
| #define HAVE_LIMITS_H 1
| #define HAVE_NETINET_IN_H 1
| #define HAVE_SYS_SOCKET_H 1
| #define HAVE_SYS_TIME_H 1
| #define HAVE_SYSLOG_H 1
| #define HAVE_PTHREAD_H 1
| /* end confdefs.h.  */
| #include <stdio.h>
| #ifdef HAVE_SYS_TYPES_H
| # include <sys/types.h>
| #endif
| #ifdef HAVE_SYS_STAT_H
| # include <sys/stat.h>
| #endif
| #ifdef STDC_HEADERS
| # include <stdlib.h>
| # include <stddef.h>
| #else
| # ifdef HAVE_STDLIB_H
| #  include <stdlib.h>
| # endif
| #endif
| #ifdef HAVE_STRING_H
| # if !defined STDC_HEADERS && defined HAVE_MEMORY_H
| #  include <memory.h>
| # endif
| # include <string.h>
| #endif
| #ifdef HAVE_STRINGS_H
| # include <strings.h>
| #endif
| #ifdef HAVE_INTTYPES_H
| # include <inttypes.h>
| #endif
| #ifdef HAVE_STDINT_H
| # include <stdint.h>
| #endif
| #ifdef HAVE_UNISTD_H
| # include <unistd.h>
| #endif
| int
| main ()
| {
| if (sizeof ((ssize_t)))
| 	    return 0;
|   ;
|   return 0;
| }
configure:16384: result: yes
configure:16395: checking for uint16_t
configure:16395: gcc -c -g -O2  conftest.c >&5
configure:16395: $? = 0
configure:16395: result: yes
configure:16407: checking for uint32_t
configure:16407: gcc -c -g -O2  conftest.c >&5
configure:16407: $? = 0
configure:16407: result: yes
configure:16421: checking for uint8_t
configure:16421: gcc -c -g -O2  conftest.c >&5
configure:16421: $? = 0
configure:16421: result: yes
configure:16435: checking for pid_t
configure:16435: gcc -c -g -O2  conftest.c >&5
configure:16435: $? = 0
configure:16435: gcc -c -g -O2  conftest.c >&5
conftest.c: In function 'main':
conftest.c:76:20: error: expected expression before ')' token
 if (sizeof ((pid_t)))
                    ^
configure:16435: $? = 1
configure: failed program was:
| /* confdefs.h */
| #define PACKAGE_NAME "scanbd"
| #define PACKAGE_TARNAME "scanbd"
| #define PACKAGE_VERSION "1.92"
| #define PACKAGE_STRING "scanbd 1.92"
| #define PACKAGE_BUGREPORT "wilhelm.meier@fh-kl.de"
| #define PACKAGE_URL ""
| #define PACKAGE "scanbd"
| #define VERSION "1.92"
| #define STDC_HEADERS 1
| #define HAVE_SYS_TYPES_H 1
| #define HAVE_SYS_STAT_H 1
| #define HAVE_STDLIB_H 1
| #define HAVE_STRING_H 1
| #define HAVE_MEMORY_H 1
| #define HAVE_STRINGS_H 1
| #define HAVE_INTTYPES_H 1
| #define HAVE_STDINT_H 1
| #define HAVE_UNISTD_H 1
| #define HAVE_DLFCN_H 1
| #define LT_OBJDIR ".libs/"
| #define HAVE_ALARM 1
| #define HAVE_DUP2 1
| #define HAVE_FTRUNCATE 1
| #define HAVE_GETCWD 1
| #define HAVE_MEMSET 1
| #define HAVE_PUTENV 1
| #define HAVE_REGCOMP 1
| #define HAVE_STRDUP 1
| #define HAVE_STRERROR 1
| #define HAVE_ARPA_INET_H 1
| #define HAVE_FCNTL_H 1
| #define HAVE_LIMITS_H 1
| #define HAVE_NETINET_IN_H 1
| #define HAVE_SYS_SOCKET_H 1
| #define HAVE_SYS_TIME_H 1
| #define HAVE_SYSLOG_H 1
| #define HAVE_PTHREAD_H 1
| /* end confdefs.h.  */
| #include <stdio.h>
| #ifdef HAVE_SYS_TYPES_H
| # include <sys/types.h>
| #endif
| #ifdef HAVE_SYS_STAT_H
| # include <sys/stat.h>
| #endif
| #ifdef STDC_HEADERS
| # include <stdlib.h>
| # include <stddef.h>
| #else
| # ifdef HAVE_STDLIB_H
| #  include <stdlib.h>
| # endif
| #endif
| #ifdef HAVE_STRING_H
| # if !defined STDC_HEADERS && defined HAVE_MEMORY_H
| #  include <memory.h>
| # endif
| # include <string.h>
| #endif
| #ifdef HAVE_STRINGS_H
| # include <strings.h>
| #endif
| #ifdef HAVE_INTTYPES_H
| # include <inttypes.h>
| #endif
| #ifdef HAVE_STDINT_H
| # include <stdint.h>
| #endif
| #ifdef HAVE_UNISTD_H
| # include <unistd.h>
| #endif
| int
| main ()
| {
| if (sizeof ((pid_t)))
| 	    return 0;
|   ;
|   return 0;
| }
configure:16435: result: yes
configure:16448: checking for uid_t in sys/types.h
configure:16467: result: yes
configure:16480: checking for unistd.h
configure:16480: result: yes
configure:16490: checking for working chown
configure:16523: gcc -o conftest -g -O2   conftest.c -lpthread -ldl  >&5
configure:16523: $? = 0
configure:16523: ./conftest
configure:16523: $? = 0
configure:16535: result: yes
configure:16545: checking vfork.h usability
configure:16545: gcc -c -g -O2  conftest.c >&5
conftest.c:75:19: fatal error: vfork.h: No such file or directory
 #include <vfork.h>
                   ^
compilation terminated.
configure:16545: $? = 1
configure: failed program was:
| /* confdefs.h */
| #define PACKAGE_NAME "scanbd"
| #define PACKAGE_TARNAME "scanbd"
| #define PACKAGE_VERSION "1.92"
| #define PACKAGE_STRING "scanbd 1.92"
| #define PACKAGE_BUGREPORT "wilhelm.meier@fh-kl.de"
| #define PACKAGE_URL ""
| #define PACKAGE "scanbd"
| #define VERSION "1.92"
| #define STDC_HEADERS 1
| #define HAVE_SYS_TYPES_H 1
| #define HAVE_SYS_STAT_H 1
| #define HAVE_STDLIB_H 1
| #define HAVE_STRING_H 1
| #define HAVE_MEMORY_H 1
| #define HAVE_STRINGS_H 1
| #define HAVE_INTTYPES_H 1
| #define HAVE_STDINT_H 1
| #define HAVE_UNISTD_H 1
| #define HAVE_DLFCN_H 1
| #define LT_OBJDIR ".libs/"
| #define HAVE_ALARM 1
| #define HAVE_DUP2 1
| #define HAVE_FTRUNCATE 1
| #define HAVE_GETCWD 1
| #define HAVE_MEMSET 1
| #define HAVE_PUTENV 1
| #define HAVE_REGCOMP 1
| #define HAVE_STRDUP 1
| #define HAVE_STRERROR 1
| #define HAVE_ARPA_INET_H 1
| #define HAVE_FCNTL_H 1
| #define HAVE_LIMITS_H 1
| #define HAVE_NETINET_IN_H 1
| #define HAVE_SYS_SOCKET_H 1
| #define HAVE_SYS_TIME_H 1
| #define HAVE_SYSLOG_H 1
| #define HAVE_PTHREAD_H 1
| #define HAVE_UNISTD_H 1
| #define HAVE_CHOWN 1
| /* end confdefs.h.  */
| #include <stdio.h>
| #ifdef HAVE_SYS_TYPES_H
| # include <sys/types.h>
| #endif
| #ifdef HAVE_SYS_STAT_H
| # include <sys/stat.h>
| #endif
| #ifdef STDC_HEADERS
| # include <stdlib.h>
| # include <stddef.h>
| #else
| # ifdef HAVE_STDLIB_H
| #  include <stdlib.h>
| # endif
| #endif
| #ifdef HAVE_STRING_H
| # if !defined STDC_HEADERS && defined HAVE_MEMORY_H
| #  include <memory.h>
| # endif
| # include <string.h>
| #endif
| #ifdef HAVE_STRINGS_H
| # include <strings.h>
| #endif
| #ifdef HAVE_INTTYPES_H
| # include <inttypes.h>
| #endif
| #ifdef HAVE_STDINT_H
| # include <stdint.h>
| #endif
| #ifdef HAVE_UNISTD_H
| # include <unistd.h>
| #endif
| #include <vfork.h>
configure:16545: result: no
configure:16545: checking vfork.h presence
configure:16545: gcc -E  conftest.c
conftest.c:42:19: fatal error: vfork.h: No such file or directory
 #include <vfork.h>
                   ^
compilation terminated.
configure:16545: $? = 1
configure: failed program was:
| /* confdefs.h */
| #define PACKAGE_NAME "scanbd"
| #define PACKAGE_TARNAME "scanbd"
| #define PACKAGE_VERSION "1.92"
| #define PACKAGE_STRING "scanbd 1.92"
| #define PACKAGE_BUGREPORT "wilhelm.meier@fh-kl.de"
| #define PACKAGE_URL ""
| #define PACKAGE "scanbd"
| #define VERSION "1.92"
| #define STDC_HEADERS 1
| #define HAVE_SYS_TYPES_H 1
| #define HAVE_SYS_STAT_H 1
| #define HAVE_STDLIB_H 1
| #define HAVE_STRING_H 1
| #define HAVE_MEMORY_H 1
| #define HAVE_STRINGS_H 1
| #define HAVE_INTTYPES_H 1
| #define HAVE_STDINT_H 1
| #define HAVE_UNISTD_H 1
| #define HAVE_DLFCN_H 1
| #define LT_OBJDIR ".libs/"
| #define HAVE_ALARM 1
| #define HAVE_DUP2 1
| #define HAVE_FTRUNCATE 1
| #define HAVE_GETCWD 1
| #define HAVE_MEMSET 1
| #define HAVE_PUTENV 1
| #define HAVE_REGCOMP 1
| #define HAVE_STRDUP 1
| #define HAVE_STRERROR 1
| #define HAVE_ARPA_INET_H 1
| #define HAVE_FCNTL_H 1
| #define HAVE_LIMITS_H 1
| #define HAVE_NETINET_IN_H 1
| #define HAVE_SYS_SOCKET_H 1
| #define HAVE_SYS_TIME_H 1
| #define HAVE_SYSLOG_H 1
| #define HAVE_PTHREAD_H 1
| #define HAVE_UNISTD_H 1
| #define HAVE_CHOWN 1
| /* end confdefs.h.  */
| #include <vfork.h>
configure:16545: result: no
configure:16545: checking for vfork.h
configure:16545: result: no
configure:16558: checking for fork
configure:16558: gcc -o conftest -g -O2   conftest.c -lpthread -ldl  >&5
conftest.c:65:6: warning: conflicting types for built-in function 'fork'
 char fork ();
      ^
configure:16558: $? = 0
configure:16558: result: yes
configure:16558: checking for vfork
configure:16558: gcc -o conftest -g -O2   conftest.c -lpthread -ldl  >&5
configure:16558: $? = 0
configure:16558: result: yes
configure:16568: checking for working fork
configure:16590: gcc -o conftest -g -O2   conftest.c -lpthread -ldl  >&5
configure:16590: $? = 0
configure:16590: ./conftest
configure:16590: $? = 0
configure:16600: result: yes
configure:16621: checking for working vfork
configure:16731: result: yes
configure:16758: checking for stdlib.h
configure:16758: result: yes
configure:16768: checking for GNU libc compatible malloc
configure:16792: gcc -o conftest -g -O2   conftest.c -lpthread -ldl  >&5
configure:16792: $? = 0
configure:16792: ./conftest
configure:16792: $? = 0
configure:16802: result: yes
configure:16823: checking for stdbool.h that conforms to C99
configure:16890: gcc -c -g -O2  conftest.c >&5
configure:16890: $? = 0
configure:16897: result: yes
configure:16899: checking for _Bool
configure:16899: gcc -c -g -O2  conftest.c >&5
configure:16899: $? = 0
configure:16899: gcc -c -g -O2  conftest.c >&5
conftest.c: In function 'main':
conftest.c:84:20: error: expected expression before ')' token
 if (sizeof ((_Bool)))
                    ^
configure:16899: $? = 1
configure: failed program was:
| /* confdefs.h */
| #define PACKAGE_NAME "scanbd"
| #define PACKAGE_TARNAME "scanbd"
| #define PACKAGE_VERSION "1.92"
| #define PACKAGE_STRING "scanbd 1.92"
| #define PACKAGE_BUGREPORT "wilhelm.meier@fh-kl.de"
| #define PACKAGE_URL ""
| #define PACKAGE "scanbd"
| #define VERSION "1.92"
| #define STDC_HEADERS 1
| #define HAVE_SYS_TYPES_H 1
| #define HAVE_SYS_STAT_H 1
| #define HAVE_STDLIB_H 1
| #define HAVE_STRING_H 1
| #define HAVE_MEMORY_H 1
| #define HAVE_STRINGS_H 1
| #define HAVE_INTTYPES_H 1
| #define HAVE_STDINT_H 1
| #define HAVE_UNISTD_H 1
| #define HAVE_DLFCN_H 1
| #define LT_OBJDIR ".libs/"
| #define HAVE_ALARM 1
| #define HAVE_DUP2 1
| #define HAVE_FTRUNCATE 1
| #define HAVE_GETCWD 1
| #define HAVE_MEMSET 1
| #define HAVE_PUTENV 1
| #define HAVE_REGCOMP 1
| #define HAVE_STRDUP 1
| #define HAVE_STRERROR 1
| #define HAVE_ARPA_INET_H 1
| #define HAVE_FCNTL_H 1
| #define HAVE_LIMITS_H 1
| #define HAVE_NETINET_IN_H 1
| #define HAVE_SYS_SOCKET_H 1
| #define HAVE_SYS_TIME_H 1
| #define HAVE_SYSLOG_H 1
| #define HAVE_PTHREAD_H 1
| #define HAVE_UNISTD_H 1
| #define HAVE_CHOWN 1
| #define HAVE_FORK 1
| #define HAVE_VFORK 1
| #define HAVE_WORKING_VFORK 1
| #define HAVE_WORKING_FORK 1
| #define HAVE_STDLIB_H 1
| #define HAVE_MALLOC 1
| /* end confdefs.h.  */
| #include <stdio.h>
| #ifdef HAVE_SYS_TYPES_H
| # include <sys/types.h>
| #endif
| #ifdef HAVE_SYS_STAT_H
| # include <sys/stat.h>
| #endif
| #ifdef STDC_HEADERS
| # include <stdlib.h>
| # include <stddef.h>
| #else
| # ifdef HAVE_STDLIB_H
| #  include <stdlib.h>
| # endif
| #endif
| #ifdef HAVE_STRING_H
| # if !defined STDC_HEADERS && defined HAVE_MEMORY_H
| #  include <memory.h>
| # endif
| # include <string.h>
| #endif
| #ifdef HAVE_STRINGS_H
| # include <strings.h>
| #endif
| #ifdef HAVE_INTTYPES_H
| # include <inttypes.h>
| #endif
| #ifdef HAVE_STDINT_H
| # include <stdint.h>
| #endif
| #ifdef HAVE_UNISTD_H
| # include <unistd.h>
| #endif
| int
| main ()
| {
| if (sizeof ((_Bool)))
| 	    return 0;
|   ;
|   return 0;
| }
configure:16899: result: yes
configure:16924: checking linux/limits.h usability
configure:16924: gcc -c -g -O2  conftest.c >&5
configure:16924: $? = 0
configure:16924: result: yes
configure:16924: checking linux/limits.h presence
configure:16924: gcc -E  conftest.c
configure:16924: $? = 0
configure:16924: result: yes
configure:16924: checking for linux/limits.h
configure:16924: result: yes
configure:16924: checking utmp.h usability
configure:16924: gcc -c -g -O2  conftest.c >&5
configure:16924: $? = 0
configure:16924: result: yes
configure:16924: checking utmp.h presence
configure:16924: gcc -E  conftest.c
configure:16924: $? = 0
configure:16924: result: yes
configure:16924: checking for utmp.h
configure:16924: result: yes
configure:16924: checking utmpx.h usability
configure:16924: gcc -c -g -O2  conftest.c >&5
configure:16924: $? = 0
configure:16924: result: yes
configure:16924: checking utmpx.h presence
configure:16924: gcc -E  conftest.c
configure:16924: $? = 0
configure:16924: result: yes
configure:16924: checking for utmpx.h
configure:16924: result: yes
configure:17008: checking for pkg-config
configure:17026: found /usr/bin/pkg-config
configure:17038: result: /usr/bin/pkg-config
configure:17063: checking pkg-config is at least version 0.9.0
configure:17066: result: yes
configure:17076: checking for CONFUSE
configure:17083: $PKG_CONFIG --exists --print-errors "libconfuse"
configure:17086: $? = 0
configure:17100: $PKG_CONFIG --exists --print-errors "libconfuse"
configure:17103: $? = 0
configure:17161: result: yes
configure:17169: checking for DBUS
configure:17176: $PKG_CONFIG --exists --print-errors "dbus-1"
configure:17179: $? = 0
configure:17193: $PKG_CONFIG --exists --print-errors "dbus-1"
configure:17196: $? = 0
configure:17254: result: yes
configure:17459: checking for UDEV
configure:17466: $PKG_CONFIG --exists --print-errors "libudev"
configure:17469: $? = 0
configure:17483: $PKG_CONFIG --exists --print-errors "libudev"
configure:17486: $? = 0
configure:17678: result: yes
configure:17791: checking for pkg-config
configure:17821: result: /usr/bin/pkg-config
configure:17846: checking pkg-config is at least version 0.9.0
configure:17849: result: yes
configure:18013: checking for SANE
configure:18020: $PKG_CONFIG --exists --print-errors "sane-backends >= 1.0"
configure:18023: $? = 0
configure:18037: $PKG_CONFIG --exists --print-errors "sane-backends >= 1.0"
configure:18040: $? = 0
configure:18078: result: yes
configure:18146: For scanbd with udev we assume that user saned is available on your system!
configure:18170: Using user: saned
configure:18183: For scanbd with udev we assume that group saned is available on your system!
configure:18209: Using group: saned
configure:18388: checking that generated files are newer than configure
configure:18394: result: done
configure:18441: creating ./config.status

## ---------------------- ##
## Running config.status. ##
## ---------------------- ##

This file was extended by scanbd config.status 1.92, which was
generated by GNU Autoconf 2.69.  Invocation command line was

  CONFIG_FILES    = 
  CONFIG_HEADERS  = 
  CONFIG_LINKS    = 
  CONFIG_COMMANDS = 
  $ ./config.status 

on h242-meier-x230

config.status:1113: creating Makefile
config.status:1113: creating src/scanbd/Makefile
config.status:1113: creating src/scanbuttond/Makefile
config.status:1113: creating src/scanbuttond/backends/Makefile
config.status:1113: creating src/scanbuttond/interface/Makefile
config.status:1113: creating src/scanbuttond/include/Makefile
config.status:1113: creating integration/Makefile
config.status:1113: creating contrib/Makefile
config.status:1113: creating doc/Makefile
config.status:1113: creating conf/Makefile
config.status:1113: creating scripts/Makefile
config.status:1285: executing depfiles commands
config.status:1285: executing libtool commands

## ---------------- ##
## Cache variables. ##
## ---------------- ##

ac_cv_build=x86_64-unknown-linux-gnu
ac_cv_c_compiler_gnu=yes
ac_cv_c_uint16_t=yes
ac_cv_c_uint32_t=yes
ac_cv_c_uint8_t=yes
ac_cv_cxx_compiler_gnu=yes
ac_cv_env_CCC_set=
ac_cv_env_CCC_value=
ac_cv_env_CC_set=
ac_cv_env_CC_value=
ac_cv_env_CFLAGS_set=
ac_cv_env_CFLAGS_value=
ac_cv_env_CONFUSE_CFLAGS_set=
ac_cv_env_CONFUSE_CFLAGS_value=
ac_cv_env_CONFUSE_LIBS_set=
ac_cv_env_CONFUSE_LIBS_value=
ac_cv_env_CPPFLAGS_set=
ac_cv_env_CPPFLAGS_value=
ac_cv_env_CPP_set=
ac_cv_env_CPP_value=
ac_cv_env_CXXCPP_set=
ac_cv_env_CXXCPP_value=
ac_cv_env_CXXFLAGS_set=
ac_cv_env_CXXFLAGS_value=
ac_cv_env_CXX_set=
ac_cv_env_CXX_value=
ac_cv_env_DBUS_CFLAGS_set=
ac_cv_env_DBUS_CFLAGS_value=
ac_cv_env_DBUS_LIBS_set=
ac_cv_env_DBUS_LIBS_value=
ac_cv_env_HAL_CFLAGS_set=
ac_cv_env_HAL_CFLAGS_value=
ac_cv_env_HAL_LIBS_set=
ac_cv_env_HAL_LIBS_value=
ac_cv_env_LDFLAGS_set=
ac_cv_env_LDFLAGS_value=
ac_cv_env_LIBS_set=
ac_cv_env_LIBS_value=
ac_cv_env_LIBUSB_CFLAGS_set=
ac_cv_env_LIBUSB_CFLAGS_value=
ac_cv_env_LIBUSB_LIBS_set=
ac_cv_env_LIBUSB_LIBS_value=
ac_cv_env_PKG_CONFIG_LIBDIR_set=
ac_cv_env_PKG_CONFIG_LIBDIR_value=
ac_cv_env_PKG_CONFIG_PATH_set=
ac_cv_env_PKG_CONFIG_PATH_value=
ac_cv_env_PKG_CONFIG_set=
ac_cv_env_PKG_CONFIG_value=
ac_cv_env_SANE_CFLAGS_set=
ac_cv_env_SANE_CFLAGS_value=
ac_cv_env_SANE_LIBS_set=
ac_cv_env_SANE_LIBS_value=
ac_cv_env_UDEV_CFLAGS_set=
ac_cv_env_UDEV_CFLAGS_value=
ac_cv_env_UDEV_LIBS_set=
ac_cv_env_UDEV_LIBS_value=
ac_cv_env_build_alias_set=
ac_cv_env_build_alias_value=
ac_cv_env_host_alias_set=
ac_cv_env_host_alias_value=
ac_cv_env_target_alias_set=
ac_cv_env_target_alias_value=
ac_cv_func_alarm=yes
ac_cv_func_chown_works=yes
ac_cv_func_dup2=yes
ac_cv_func_fork=yes
ac_cv_func_fork_works=yes
ac_cv_func_ftruncate=yes
ac_cv_func_getcwd=yes
ac_cv_func_malloc_0_nonnull=yes
ac_cv_func_memset=yes
ac_cv_func_putenv=yes
ac_cv_func_regcomp=yes
ac_cv_func_strdup=yes
ac_cv_func_strerror=yes
ac_cv_func_vfork=yes
ac_cv_func_vfork_works=yes
ac_cv_header_arpa_inet_h=yes
ac_cv_header_dlfcn_h=yes
ac_cv_header_fcntl_h=yes
ac_cv_header_inttypes_h=yes
ac_cv_header_limits_h=yes
ac_cv_header_linux_limits_h=yes
ac_cv_header_memory_h=yes
ac_cv_header_netinet_in_h=yes
ac_cv_header_pthread_h=yes
ac_cv_header_stdbool_h=yes
ac_cv_header_stdc=yes
ac_cv_header_stdint_h=yes
ac_cv_header_stdlib_h=yes
ac_cv_header_string_h=yes
ac_cv_header_strings_h=yes
ac_cv_header_sys_socket_h=yes
ac_cv_header_sys_stat_h=yes
ac_cv_header_sys_time_h=yes
ac_cv_header_sys_types_h=yes
ac_cv_header_syslog_h=yes
ac_cv_header_unistd_h=yes
ac_cv_header_utmp_h=yes
ac_cv_header_utmpx_h=yes
ac_cv_header_vfork_h=no
ac_cv_host=x86_64-unknown-linux-gnu
ac_cv_objext=o
ac_cv_path_EGREP='/usr/bin/grep -E'
ac_cv_path_FGREP='/usr/bin/grep -F'
ac_cv_path_GREP=/usr/bin/grep
ac_cv_path_SANED_PATH=/usr/local/sbin/saned
ac_cv_path_SED=/usr/bin/sed
ac_cv_path_ac_pt_PKG_CONFIG=/usr/bin/pkg-config
ac_cv_path_install='/usr/bin/install -c'
ac_cv_path_mkdir=/usr/bin/mkdir
ac_cv_prog_AWK=gawk
ac_cv_prog_CPP='gcc -E'
ac_cv_prog_CXXCPP='g++ -E'
ac_cv_prog_ac_ct_AR=ar
ac_cv_prog_ac_ct_CC=gcc
ac_cv_prog_ac_ct_CXX=g++
ac_cv_prog_ac_ct_OBJDUMP=objdump
ac_cv_prog_ac_ct_RANLIB=ranlib
ac_cv_prog_ac_ct_STRIP=strip
ac_cv_prog_cc_c89=
ac_cv_prog_cc_g=yes
ac_cv_prog_cxx_g=yes
ac_cv_prog_make_make_set=yes
ac_cv_search_dlopen=-ldl
ac_cv_search_pthread_create=-lpthread
ac_cv_type__Bool=yes
ac_cv_type_pid_t=yes
ac_cv_type_size_t=yes
ac_cv_type_ssize_t=yes
ac_cv_type_uid_t=yes
am_cv_CC_dependencies_compiler_type=gcc3
am_cv_CXX_dependencies_compiler_type=gcc3
am_cv_make_support_nested_variables=yes
am_cv_prog_cc_c_o=yes
lt_cv_ar_at_file=@
lt_cv_archive_cmds_need_lc=no
lt_cv_deplibs_check_method=pass_all
lt_cv_file_magic_cmd='$MAGIC_CMD'
lt_cv_file_magic_test_file=
lt_cv_ld_reload_flag=-r
lt_cv_nm_interface='BSD nm'
lt_cv_objdir=.libs
lt_cv_path_LD=/usr/bin/ld
lt_cv_path_LDCXX='/usr/bin/ld -m elf_x86_64'
lt_cv_path_NM='/usr/bin/nm -B'
lt_cv_path_mainfest_tool=no
lt_cv_prog_compiler_c_o=yes
lt_cv_prog_compiler_c_o_CXX=yes
lt_cv_prog_compiler_pic='-fPIC -DPIC'
lt_cv_prog_compiler_pic_CXX='-fPIC -DPIC'
lt_cv_prog_compiler_pic_works=yes
lt_cv_prog_compiler_pic_works_CXX=yes
lt_cv_prog_compiler_rtti_exceptions=no
lt_cv_prog_compiler_static_works=yes
lt_cv_prog_compiler_static_works_CXX=yes
lt_cv_prog_gnu_ld=yes
lt_cv_prog_gnu_ldcxx=yes
lt_cv_sharedlib_from_linklib_cmd='printf %s\n'
lt_cv_shlibpath_overrides_runpath=no
lt_cv_sys_global_symbol_pipe='sed -n -e '\''s/^.*[	 ]\([ABCDGIRSTW][ABCDGIRSTW]*\)[	 ][	 ]*\([_A-Za-z][_A-Za-z0-9]*\)$/\1 \2 \2/p'\'' | sed '\''/ __gnu_lto/d'\'''
lt_cv_sys_global_symbol_to_c_name_address='sed -n -e '\''s/^: \([^ ]*\)[ ]*$/  {\"\1\", (void *) 0},/p'\'' -e '\''s/^[ABCDGIRSTW]* \([^ ]*\) \([^ ]*\)$/  {"\2", (void *) \&\2},/p'\'''
lt_cv_sys_global_symbol_to_c_name_address_lib_prefix='sed -n -e '\''s/^: \([^ ]*\)[ ]*$/  {\"\1\", (void *) 0},/p'\'' -e '\''s/^[ABCDGIRSTW]* \([^ ]*\) \(lib[^ ]*\)$/  {"\2", (void *) \&\2},/p'\'' -e '\''s/^[ABCDGIRSTW]* \([^ ]*\) \([^ ]*\)$/  {"lib\2", (void *) \&\2},/p'\'''
lt_cv_sys_global_symbol_to_cdecl='sed -n -e '\''s/^T .* \(.*\)$/extern int \1();/p'\'' -e '\''s/^[ABCDGIRSTW]* .* \(.*\)$/extern char \1;/p'\'''
lt_cv_sys_max_cmd_len=1572864
lt_cv_to_host_file_cmd=func_convert_file_noop
lt_cv_to_tool_file_cmd=func_convert_file_noop
pkg_cv_CONFUSE_CFLAGS=
pkg_cv_CONFUSE_LIBS='-lconfuse '
pkg_cv_DBUS_CFLAGS='-I/usr/include/dbus-1.0 -I/usr/lib/dbus-1.0/include '
pkg_cv_DBUS_LIBS='-ldbus-1 '
pkg_cv_SANE_CFLAGS=
pkg_cv_SANE_LIBS='-lsane '
pkg_cv_UDEV_CFLAGS=
pkg_cv_UDEV_LIBS='-ludev '

## ----------------- ##
## Output variables. ##
## ----------------- ##

ACLOCAL='${SHELL} /home/lmeier/Projekte/scanbd/trunk/missing aclocal-1.14'
AMDEPBACKSLASH='\'
AMDEP_FALSE='#'
AMDEP_TRUE=''
AMTAR='$${TAR-tar}'
AM_BACKSLASH='\'
AM_DEFAULT_V='$(AM_DEFAULT_VERBOSITY)'
AM_DEFAULT_VERBOSITY='1'
AM_V='$(V)'
AR='ar'
AUTOCONF='${SHELL} /home/lmeier/Projekte/scanbd/trunk/missing autoconf'
AUTOHEADER='${SHELL} /home/lmeier/Projekte/scanbd/trunk/missing autoheader'
AUTOMAKE='${SHELL} /home/lmeier/Projekte/scanbd/trunk/missing automake-1.14'
AWK='gawk'
CC='gcc'
CCDEPMODE='depmode=gcc3'
CFLAGS='-g -O2'
CONFUSE_CFLAGS=''
CONFUSE_LIBS='-lconfuse '
CPP='gcc -E'
CPPFLAGS=''
CXX='g++'
CXXCPP='g++ -E'
CXXDEPMODE='depmode=gcc3'
CXXFLAGS='-g -O2'
CYGPATH_W='echo'
DBUS_CFLAGS='-I/usr/include/dbus-1.0 -I/usr/lib/dbus-1.0/include '
DBUS_LIBS='-ldbus-1 '
DEFS='-DPACKAGE_NAME=\"scanbd\" -DPACKAGE_TARNAME=\"scanbd\" -DPACKAGE_VERSION=\"1.92\" -DPACKAGE_STRING=\"scanbd\ 1.92\" -DPACKAGE_BUGREPORT=\"wilhelm.meier@fh-kl.de\" -DPACKAGE_URL=\"\" -DPACKAGE=\"scanbd\" -DVERSION=\"1.92\" -DSTDC_HEADERS=1 -DHAVE_SYS_TYPES_H=1 -DHAVE_SYS_STAT_H=1 -DHAVE_STDLIB_H=1 -DHAVE_STRING_H=1 -DHAVE_MEMORY_H=1 -DHAVE_STRINGS_H=1 -DHAVE_INTTYPES_H=1 -DHAVE_STDINT_H=1 -DHAVE_UNISTD_H=1 -DHAVE_DLFCN_H=1 -DLT_OBJDIR=\".libs/\" -DHAVE_ALARM=1 -DHAVE_DUP2=1 -DHAVE_FTRUNCATE=1 -DHAVE_GETCWD=1 -DHAVE_MEMSET=1 -DHAVE_PUTENV=1 -DHAVE_REGCOMP=1 -DHAVE_STRDUP=1 -DHAVE_STRERROR=1 -DHAVE_ARPA_INET_H=1 -DHAVE_FCNTL_H=1 -DHAVE_LIMITS_H=1 -DHAVE_NETINET_IN_H=1 -DHAVE_SYS_SOCKET_H=1 -DHAVE_SYS_TIME_H=1 -DHAVE_SYSLOG_H=1 -DHAVE_PTHREAD_H=1 -DHAVE_UNISTD_H=1 -DHAVE_CHOWN=1 -DHAVE_FORK=1 -DHAVE_VFORK=1 -DHAVE_WORKING_VFORK=1 -DHAVE_WORKING_FORK=1 -DHAVE_STDLIB_H=1 -DHAVE_MALLOC=1 -DHAVE__BOOL=1 -DHAVE_STDBOOL_H=1 -DHAVE_LINUX_LIMITS_H=1 -DHAVE_UTMP_H=1 -DHAVE_UTMPX_H=1 -DUSE_LIBUDEV=1 -DHAVE_SYSTEMD=1 -DUSE_SANE=1'
DEPDIR='.deps'
DLLTOOL='false'
DSYMUTIL=''
DUMPBIN=''
ECHO_C=''
ECHO_N='-n'
ECHO_T=''
EGREP='/usr/bin/grep -E'
EXEEXT=''
EXTRA_CFLAGS=' -Werror'
FGREP='/usr/bin/grep -F'
GREP='/usr/bin/grep'
HAL_CFLAGS=''
HAL_LIBS=''
HAVE_SYSTEMD_FALSE='#'
HAVE_SYSTEMD_TRUE=''
INSTALL_DATA='${INSTALL} -m 644'
INSTALL_PROGRAM='${INSTALL}'
INSTALL_SCRIPT='${INSTALL}'
INSTALL_STRIP_PROGRAM='$(install_sh) -c -s'
LD='/usr/bin/ld -m elf_x86_64'
LDFLAGS=''
LIBOBJS=''
LIBS='-lpthread -ldl '
LIBTOOL='$(SHELL) $(top_builddir)/libtool'
LIBUSB_CFLAGS=''
LIBUSB_LIBS=''
LIPO=''
LN_S='ln -s'
LTLIBOBJS=''
MAINT='#'
MAINTAINER_MODE_FALSE=''
MAINTAINER_MODE_TRUE='#'
MAKEINFO='${SHELL} /home/lmeier/Projekte/scanbd/trunk/missing makeinfo'
MANIFEST_TOOL=':'
MKDIR_P='/usr/bin/mkdir -p'
NM='/usr/bin/nm -B'
NMEDIT=''
OBJDUMP='objdump'
OBJEXT='o'
OS_CFLAGS='-Wall -Wextra -std=c99 -g'
OS_CPPFLAGS=''
OTOOL64=''
OTOOL=''
PACKAGE='scanbd'
PACKAGE_BUGREPORT='wilhelm.meier@fh-kl.de'
PACKAGE_NAME='scanbd'
PACKAGE_STRING='scanbd 1.92'
PACKAGE_TARNAME='scanbd'
PACKAGE_URL=''
PACKAGE_VERSION='1.92'
PATH_SEPARATOR=':'
PKG_CONFIG='/usr/bin/pkg-config'
PKG_CONFIG_LIBDIR=''
PKG_CONFIG_PATH=''
RANLIB='ranlib'
SANED_PATH='/usr/local/sbin/saned'
SANE_CFLAGS=''
SANE_CONFIG=''
SANE_LIBS='-lsane '
SCANBD_CFG_DIR='${prefix}/etc/scanbd'
SCANBD_GROUP='saned'
SCANBD_USER='saned'
SCANBUTTOND_LIB_DIR='${exec_prefix}/lib/scanbd/scanbuttond/backends'
SED='/usr/bin/sed'
SET_MAKE=''
SHELL='/bin/sh'
STRIP='strip'
UDEV_CFLAGS=''
UDEV_LIBS='-ludev '
USE_SANE_FALSE='#'
USE_SANE_TRUE=''
USE_SCANBUTTOND_FALSE=''
USE_SCANBUTTOND_TRUE='#'
VERSION='1.92'
ac_ct_AR='ar'
ac_ct_CC='gcc'
ac_ct_CXX='g++'
ac_ct_DUMPBIN=''
am__EXEEXT_FALSE=''
am__EXEEXT_TRUE='#'
am__fastdepCC_FALSE='#'
am__fastdepCC_TRUE=''
am__fastdepCXX_FALSE='#'
am__fastdepCXX_TRUE=''
am__include='include'
am__isrc=''
am__leading_dot='.'
am__nodep='_no'
am__quote=''
am__tar='$${TAR-tar} chof - "$$tardir"'
am__untar='$${TAR-tar} xf -'
bindir='${exec_prefix}/bin'
build='x86_64-unknown-linux-gnu'
build_alias=''
build_cpu='x86_64'
build_os='linux-gnu'
build_vendor='unknown'
datadir='${datarootdir}'
datarootdir='${prefix}/share'
docdir='${datarootdir}/doc/${PACKAGE_TARNAME}'
dvidir='${docdir}'
exec_prefix='${prefix}'
host='x86_64-unknown-linux-gnu'
host_alias=''
host_cpu='x86_64'
host_os='linux-gnu'
host_vendor='unknown'
htmldir='${docdir}'
includedir='${prefix}/include'
infodir='${datarootdir}/info'
install_sh='${SHELL} /home/lmeier/Projekte/scanbd/trunk/install-sh'
libdir='${exec_prefix}/lib'
libexecdir='${exec_prefix}/libexec'
localedir='${datarootdir}/locale'
localstatedir='${prefix}/var'
mandir='${datarootdir}/man'
mkdir_p='$(MKDIR_P)'
oldincludedir='/usr/include'
pdfdir='${docdir}'
prefix='/usr/local'
program_transform_name='s,x,x,'
psdir='${docdir}'
sbindir='${exec_prefix}/sbin'
sharedstatedir='${prefix}/com'
sysconfdir='${prefix}/etc'
systemdsystemunitdir='/usr/lib/systemd/system'
target_alias=''

## ----------- ##
## confdefs.h. ##
## ----------- ##

/* confdefs.h */
#define PACKAGE_NAME "scanbd"
#define PACKAGE_TARNAME "scanbd"
#define PACKAGE_VERSION "1.92"
#define PACKAGE_STRING "scanbd 1.92"
#define PACKAGE_BUGREPORT "wilhelm.meier@fh-kl.de"
#define PACKAGE_URL ""
#define PACKAGE "scanbd"
#define VERSION "1.92"
#define STDC_HEADERS 1
#define HAVE_SYS_TYPES_H 1
#define HAVE_SYS_STAT_H 1
#define HAVE_STDLIB_H 1
#define HAVE_STRING_H 1
#define HAVE_MEMORY_H 1
#define HAVE_STRINGS_H 1
#define HAVE_INTTYPES_H 1
#define HAVE_STDINT_H 1
#define HAVE_UNISTD_H 1
#define HAVE_DLFCN_H 1
#define LT_OBJDIR ".libs/"
#define HAVE_ALARM 1
#define HAVE_DUP2 1
#define HAVE_FTRUNCATE 1
#define HAVE_GETCWD 1
#define HAVE_MEMSET 1
#define HAVE_PUTENV 1
#define HAVE_REGCOMP 1
#define HAVE_STRDUP 1
#define HAVE_STRERROR 1
#define HAVE_ARPA_INET_H 1
#define HAVE_FCNTL_H 1
#define HAVE_LIMITS_H 1
#define HAVE_NETINET_IN_H 1
#define HAVE_SYS_SOCKET_H 1
#define HAVE_SYS_TIME_H 1
#define HAVE_SYSLOG_H 1
#define HAVE_PTHREAD_H 1
#define HAVE_UNISTD_H 1
#define HAVE_CHOWN 1
#define HAVE_FORK 1
#define HAVE_VFORK 1
#define HAVE_WORKING_VFORK 1
#define HAVE_WORKING_FORK 1
#define HAVE_STDLIB_H 1
#define HAVE_MALLOC 1
#define HAVE__BOOL 1
#define HAVE_STDBOOL_H 1
#define HAVE_LINUX_LIMITS_H 1
#define HAVE_UTMP_H 1
#define HAVE_UTMPX_H 1
#define USE_LIBUDEV 1
#define HAVE_SYSTEMD 1
#define USE_SANE 1

configure: exit 0
